{"uid":"6fdd711b8350edcd","name":"Authorized User Should Be Able Create New Build Configuration By GitHub","fullName":"com.teamcity.ui.CreateNewProjectTest.authorizedUserShouldBeAbleCreateNewBuildConfigurationByManually","historyId":"85b16b4e0b924367564cfa2f573ecb9a","time":{"start":1716910367843,"stop":1716910374799,"duration":6956},"status":"failed","statusMessage":"Element should exist {By.xpath: //*[@role='heading'].snapshot(1 elements)[0]}\nElement: 'Ups, failed to described the element [caused by: StaleElementReferenceException: stale element reference: stale element not found]'\nActual value: does not exist\nScreenshot: file:/home/runner/work/TeamCity_Test/TeamCity_Test/target/surefire-reports/1716910374655.1.png\nPage source: file:/home/runner/work/TeamCity_Test/TeamCity_Test/target/surefire-reports/1716910374655.1.html\nTimeout: 4 s.","statusTrace":"Element should exist {By.xpath: //*[@role='heading'].snapshot(1 elements)[0]}\nElement: 'Ups, failed to described the element [caused by: StaleElementReferenceException: stale element reference: stale element not found]'\nActual value: does not exist\nScreenshot: file:/home/runner/work/TeamCity_Test/TeamCity_Test/target/surefire-reports/1716910374655.1.png\nPage source: file:/home/runner/work/TeamCity_Test/TeamCity_Test/target/surefire-reports/1716910374655.1.html\nTimeout: 4 s.\n\tat com.codeborne.selenide.impl.WebElementSource.handleError(WebElementSource.java:149)\n\tat com.codeborne.selenide.impl.WebElementSource.checkConditionAndReturnElement(WebElementSource.java:127)\n\tat com.codeborne.selenide.impl.WebElementSource.checkCondition(WebElementSource.java:104)\n\tat com.codeborne.selenide.impl.ElementFinder.createElementNotFoundError(ElementFinder.java:139)\n\tat com.codeborne.selenide.impl.WebElementSource.handleError(WebElementSource.java:143)\n\tat com.codeborne.selenide.impl.WebElementSource.checkConditionAndReturnElement(WebElementSource.java:127)\n\tat com.codeborne.selenide.impl.WebElementSource.checkCondition(WebElementSource.java:104)\n\tat com.codeborne.selenide.impl.ElementFinder.createElementNotFoundError(ElementFinder.java:139)\n\tat com.codeborne.selenide.impl.WebElementSource.handleError(WebElementSource.java:143)\n\tat com.codeborne.selenide.impl.WebElementSource.checkConditionAndReturnElement(WebElementSource.java:127)\n\tat com.codeborne.selenide.impl.WebElementSource.findAndAssertElementIsClickable(WebElementSource.java:173)\n\tat com.codeborne.selenide.commands.Click.findElement(Click.java:46)\n\tat com.codeborne.selenide.commands.Click.execute(Click.java:28)\n\tat com.codeborne.selenide.commands.Click.execute(Click.java:21)\n\tat com.codeborne.selenide.commands.Commands.execute(Commands.java:161)\n\tat com.codeborne.selenide.impl.SelenideElementProxy.dispatchAndRetry(SelenideElementProxy.java:132)\n\tat com.codeborne.selenide.impl.SelenideElementProxy.invoke(SelenideElementProxy.java:84)\n\tat jdk.proxy2/jdk.proxy2.$Proxy48.click(Unknown Source)\n\tat com.teamcity.ui.CreateNewProjectTest.authorizedUserShouldBeAbleCreateNewBuildConfigurationByManually(CreateNewProjectTest.java:64)\n\tat java.base/jdk.internal.reflect.NativeMethodAccessorImpl.invoke0(Native Method)\n\tat java.base/jdk.internal.reflect.NativeMethodAccessorImpl.invoke(NativeMethodAccessorImpl.java:77)\n\tat java.base/jdk.internal.reflect.DelegatingMethodAccessorImpl.invoke(DelegatingMethodAccessorImpl.java:43)\n\tat java.base/java.lang.reflect.Method.invoke(Method.java:568)\n\tat org.testng.internal.invokers.MethodInvocationHelper.invokeMethod(MethodInvocationHelper.java:139)\n\tat org.testng.internal.invokers.TestInvoker.invokeMethod(TestInvoker.java:664)\n\tat org.testng.internal.invokers.TestInvoker.invokeTestMethod(TestInvoker.java:227)\n\tat org.testng.internal.invokers.MethodRunner.runInSequence(MethodRunner.java:50)\n\tat org.testng.internal.invokers.TestInvoker$MethodInvocationAgent.invoke(TestInvoker.java:957)\n\tat org.testng.internal.invokers.TestInvoker.invokeTestMethods(TestInvoker.java:200)\n\tat org.testng.internal.invokers.TestMethodWorker.invokeTestMethods(TestMethodWorker.java:148)\n\tat org.testng.internal.invokers.TestMethodWorker.run(TestMethodWorker.java:128)\n\tat java.base/java.util.ArrayList.forEach(ArrayList.java:1511)\n\tat org.testng.TestRunner.privateRun(TestRunner.java:848)\n\tat org.testng.TestRunner.run(TestRunner.java:621)\n\tat org.testng.SuiteRunner.runTest(SuiteRunner.java:443)\n\tat org.testng.SuiteRunner.runSequentially(SuiteRunner.java:437)\n\tat org.testng.SuiteRunner.privateRun(SuiteRunner.java:397)\n\tat org.testng.SuiteRunner.run(SuiteRunner.java:336)\n\tat org.testng.SuiteRunnerWorker.runSuite(SuiteRunnerWorker.java:52)\n\tat org.testng.SuiteRunnerWorker.run(SuiteRunnerWorker.java:95)\n\tat org.testng.TestNG.runSuitesSequentially(TestNG.java:1280)\n\tat org.testng.TestNG.runSuitesLocally(TestNG.java:1200)\n\tat org.testng.TestNG.runSuites(TestNG.java:1114)\n\tat org.testng.TestNG.run(TestNG.java:1082)\n\tat org.apache.maven.surefire.testng.TestNGExecutor.run(TestNGExecutor.java:308)\n\tat org.apache.maven.surefire.testng.TestNGXmlTestSuite.execute(TestNGXmlTestSuite.java:71)\n\tat org.apache.maven.surefire.testng.TestNGProvider.invoke(TestNGProvider.java:113)\n\tat org.apache.maven.surefire.booter.ForkedBooter.runSuitesInProcess(ForkedBooter.java:385)\n\tat org.apache.maven.surefire.booter.ForkedBooter.execute(ForkedBooter.java:162)\n\tat org.apache.maven.surefire.booter.ForkedBooter.run(ForkedBooter.java:507)\n\tat org.apache.maven.surefire.booter.ForkedBooter.main(ForkedBooter.java:495)\n","flaky":false,"newFailed":false,"newBroken":false,"newPassed":false,"retriesCount":0,"retriesStatusChange":false,"beforeStages":[{"name":"generateBaseTestData","time":{"start":1716910367838,"stop":1716910367839,"duration":1},"description":"","status":"passed","steps":[],"attachments":[],"parameters":[],"shouldDisplayMessage":false,"stepsCount":0,"attachmentsCount":0,"hasContent":false,"attachmentStep":false}],"testStage":{"status":"failed","statusMessage":"Element should exist {By.xpath: //*[@role='heading'].snapshot(1 elements)[0]}\nElement: 'Ups, failed to described the element [caused by: StaleElementReferenceException: stale element reference: stale element not found]'\nActual value: does not exist\nScreenshot: file:/home/runner/work/TeamCity_Test/TeamCity_Test/target/surefire-reports/1716910374655.1.png\nPage source: file:/home/runner/work/TeamCity_Test/TeamCity_Test/target/surefire-reports/1716910374655.1.html\nTimeout: 4 s.","statusTrace":"Element should exist {By.xpath: //*[@role='heading'].snapshot(1 elements)[0]}\nElement: 'Ups, failed to described the element [caused by: StaleElementReferenceException: stale element reference: stale element not found]'\nActual value: does not exist\nScreenshot: file:/home/runner/work/TeamCity_Test/TeamCity_Test/target/surefire-reports/1716910374655.1.png\nPage source: file:/home/runner/work/TeamCity_Test/TeamCity_Test/target/surefire-reports/1716910374655.1.html\nTimeout: 4 s.\n\tat com.codeborne.selenide.impl.WebElementSource.handleError(WebElementSource.java:149)\n\tat com.codeborne.selenide.impl.WebElementSource.checkConditionAndReturnElement(WebElementSource.java:127)\n\tat com.codeborne.selenide.impl.WebElementSource.checkCondition(WebElementSource.java:104)\n\tat com.codeborne.selenide.impl.ElementFinder.createElementNotFoundError(ElementFinder.java:139)\n\tat com.codeborne.selenide.impl.WebElementSource.handleError(WebElementSource.java:143)\n\tat com.codeborne.selenide.impl.WebElementSource.checkConditionAndReturnElement(WebElementSource.java:127)\n\tat com.codeborne.selenide.impl.WebElementSource.checkCondition(WebElementSource.java:104)\n\tat com.codeborne.selenide.impl.ElementFinder.createElementNotFoundError(ElementFinder.java:139)\n\tat com.codeborne.selenide.impl.WebElementSource.handleError(WebElementSource.java:143)\n\tat com.codeborne.selenide.impl.WebElementSource.checkConditionAndReturnElement(WebElementSource.java:127)\n\tat com.codeborne.selenide.impl.WebElementSource.findAndAssertElementIsClickable(WebElementSource.java:173)\n\tat com.codeborne.selenide.commands.Click.findElement(Click.java:46)\n\tat com.codeborne.selenide.commands.Click.execute(Click.java:28)\n\tat com.codeborne.selenide.commands.Click.execute(Click.java:21)\n\tat com.codeborne.selenide.commands.Commands.execute(Commands.java:161)\n\tat com.codeborne.selenide.impl.SelenideElementProxy.dispatchAndRetry(SelenideElementProxy.java:132)\n\tat com.codeborne.selenide.impl.SelenideElementProxy.invoke(SelenideElementProxy.java:84)\n\tat jdk.proxy2/jdk.proxy2.$Proxy48.click(Unknown Source)\n\tat com.teamcity.ui.CreateNewProjectTest.authorizedUserShouldBeAbleCreateNewBuildConfigurationByManually(CreateNewProjectTest.java:64)\n\tat java.base/jdk.internal.reflect.NativeMethodAccessorImpl.invoke0(Native Method)\n\tat java.base/jdk.internal.reflect.NativeMethodAccessorImpl.invoke(NativeMethodAccessorImpl.java:77)\n\tat java.base/jdk.internal.reflect.DelegatingMethodAccessorImpl.invoke(DelegatingMethodAccessorImpl.java:43)\n\tat java.base/java.lang.reflect.Method.invoke(Method.java:568)\n\tat org.testng.internal.invokers.MethodInvocationHelper.invokeMethod(MethodInvocationHelper.java:139)\n\tat org.testng.internal.invokers.TestInvoker.invokeMethod(TestInvoker.java:664)\n\tat org.testng.internal.invokers.TestInvoker.invokeTestMethod(TestInvoker.java:227)\n\tat org.testng.internal.invokers.MethodRunner.runInSequence(MethodRunner.java:50)\n\tat org.testng.internal.invokers.TestInvoker$MethodInvocationAgent.invoke(TestInvoker.java:957)\n\tat org.testng.internal.invokers.TestInvoker.invokeTestMethods(TestInvoker.java:200)\n\tat org.testng.internal.invokers.TestMethodWorker.invokeTestMethods(TestMethodWorker.java:148)\n\tat org.testng.internal.invokers.TestMethodWorker.run(TestMethodWorker.java:128)\n\tat java.base/java.util.ArrayList.forEach(ArrayList.java:1511)\n\tat org.testng.TestRunner.privateRun(TestRunner.java:848)\n\tat org.testng.TestRunner.run(TestRunner.java:621)\n\tat org.testng.SuiteRunner.runTest(SuiteRunner.java:443)\n\tat org.testng.SuiteRunner.runSequentially(SuiteRunner.java:437)\n\tat org.testng.SuiteRunner.privateRun(SuiteRunner.java:397)\n\tat org.testng.SuiteRunner.run(SuiteRunner.java:336)\n\tat org.testng.SuiteRunnerWorker.runSuite(SuiteRunnerWorker.java:52)\n\tat org.testng.SuiteRunnerWorker.run(SuiteRunnerWorker.java:95)\n\tat org.testng.TestNG.runSuitesSequentially(TestNG.java:1280)\n\tat org.testng.TestNG.runSuitesLocally(TestNG.java:1200)\n\tat org.testng.TestNG.runSuites(TestNG.java:1114)\n\tat org.testng.TestNG.run(TestNG.java:1082)\n\tat org.apache.maven.surefire.testng.TestNGExecutor.run(TestNGExecutor.java:308)\n\tat org.apache.maven.surefire.testng.TestNGXmlTestSuite.execute(TestNGXmlTestSuite.java:71)\n\tat org.apache.maven.surefire.testng.TestNGProvider.invoke(TestNGProvider.java:113)\n\tat org.apache.maven.surefire.booter.ForkedBooter.runSuitesInProcess(ForkedBooter.java:385)\n\tat org.apache.maven.surefire.booter.ForkedBooter.execute(ForkedBooter.java:162)\n\tat org.apache.maven.surefire.booter.ForkedBooter.run(ForkedBooter.java:507)\n\tat org.apache.maven.surefire.booter.ForkedBooter.main(ForkedBooter.java:495)\n","steps":[{"name":"Create User(id=null, username=test_bHzIDQqEfC, email=test_GWXnTDwlZy, password=test_qLQKIIUAgT, roles=Roles(role=[Role(roleId=SYSTEM_ADMIN, scope=g)]))","time":{"start":1716910367843,"stop":1716910367930,"duration":87},"status":"passed","steps":[],"attachments":[{"uid":"ffd9aad4a66c4434","name":"Request","source":"ffd9aad4a66c4434.html","type":"text/html","size":1390},{"uid":"f5a195f4ec8e7a35","name":"HTTP/1.1 200 ","source":"f5a195f4ec8e7a35.html","type":"text/html","size":2144}],"parameters":[{"name":"model","value":"User(id=null, username=test_bHzIDQqEfC, email=test_GWXnTDwlZy, password=test_qLQKIIUAgT, roles=Roles(role=[Role(roleId=SYSTEM_ADMIN, scope=g)]))"}],"shouldDisplayMessage":false,"stepsCount":0,"attachmentsCount":2,"hasContent":true,"attachmentStep":false},{"name":"Create NewProjectDescription(id=test_NKIBWScJAG, name=test_HVOhwKGlZv, parentProject=Project(id=null, name=null, locator=_Root))","time":{"start":1716910367935,"stop":1716910368022,"duration":87},"status":"passed","steps":[],"attachments":[{"uid":"ade867aaee1e772e","name":"Request","source":"ade867aaee1e772e.html","type":"text/html","size":1122},{"uid":"7f23c1b98accdfe3","name":"HTTP/1.1 200 ","source":"7f23c1b98accdfe3.html","type":"text/html","size":2225}],"parameters":[{"name":"model","value":"NewProjectDescription(id=test_NKIBWScJAG, name=test_HVOhwKGlZv, parentProject=Project(id=null, name=null, locator=_Root))"}],"shouldDisplayMessage":false,"stepsCount":0,"attachmentsCount":2,"hasContent":true,"attachmentStep":false}],"attachments":[],"parameters":[],"shouldDisplayMessage":true,"stepsCount":2,"attachmentsCount":4,"hasContent":true,"attachmentStep":false},"afterStages":[{"name":"deleteCreatedEntities","time":{"start":1716910374804,"stop":1716910374906,"duration":102},"description":"","status":"passed","steps":[{"name":"Delete 14","time":{"start":1716910374805,"stop":1716910374851,"duration":46},"status":"passed","steps":[],"attachments":[{"uid":"6a45578a51e44fb1","name":"Request","source":"6a45578a51e44fb1.html","type":"text/html","size":525},{"uid":"bc1e5e866a610ad2","name":"HTTP/1.1 204 ","source":"bc1e5e866a610ad2.html","type":"text/html","size":478}],"parameters":[{"name":"id","value":"14"}],"shouldDisplayMessage":false,"stepsCount":0,"attachmentsCount":2,"hasContent":true,"attachmentStep":false},{"name":"Delete test_NKIBWScJAG","time":{"start":1716910374853,"stop":1716910374906,"duration":53},"status":"passed","steps":[],"attachments":[{"uid":"bc892542e015b130","name":"Request","source":"bc892542e015b130.html","type":"text/html","size":557},{"uid":"27d96cb458f5404c","name":"HTTP/1.1 204 ","source":"27d96cb458f5404c.html","type":"text/html","size":478}],"parameters":[{"name":"id","value":"test_NKIBWScJAG"}],"shouldDisplayMessage":false,"stepsCount":0,"attachmentsCount":2,"hasContent":true,"attachmentStep":false}],"attachments":[],"parameters":[],"shouldDisplayMessage":false,"stepsCount":2,"attachmentsCount":4,"hasContent":true,"attachmentStep":false}],"labels":[{"name":"package","value":"com.teamcity.ui.CreateNewProjectTest"},{"name":"testClass","value":"com.teamcity.ui.CreateNewProjectTest"},{"name":"testMethod","value":"authorizedUserShouldBeAbleCreateNewBuildConfigurationByManually"},{"name":"parentSuite","value":"UI Suite"},{"name":"suite","value":"UI Test"},{"name":"subSuite","value":"com.teamcity.ui.CreateNewProjectTest"},{"name":"host","value":"fv-az1487-518"},{"name":"thread","value":"5806@fv-az1487-518.main(1)"},{"name":"framework","value":"testng"},{"name":"language","value":"java"},{"name":"resultFormat","value":"allure2"}],"parameters":[],"links":[],"hidden":false,"retry":false,"extra":{"severity":"normal","retries":[],"categories":[{"name":"Product defects","matchedStatuses":[],"flaky":false}],"history":{"statistic":{"failed":2,"broken":0,"skipped":0,"passed":0,"unknown":0,"total":2},"items":[{"uid":"4d69acafc7852251","reportUrl":"https://amkaznov.github.io/TeamCity_Test/27//#testresult/4d69acafc7852251","status":"failed","statusDetails":"Element should exist {By.xpath: //*[@role='heading'].snapshot(1 elements)[0]}\nElement: 'Ups, failed to described the element [caused by: StaleElementReferenceException: stale element reference: stale element not found]'\nActual value: does not exist\nScreenshot: file:/home/runner/work/TeamCity_Test/TeamCity_Test/target/surefire-reports/1716908409853.1.png\nPage source: file:/home/runner/work/TeamCity_Test/TeamCity_Test/target/surefire-reports/1716908409853.1.html\nTimeout: 4 s.","time":{"start":1716908402887,"stop":1716908409964,"duration":7077}}]},"tags":[]},"source":"6fdd711b8350edcd.json","parameterValues":[]}